{
  "stats": {
    "suites": 2,
    "tests": 21,
    "passes": 21,
    "pending": 0,
    "failures": 0,
    "start": "2018-04-16T03:16:35.629Z",
    "end": "2018-04-16T03:16:37.404Z",
    "duration": 1775,
    "testsRegistered": 21,
    "passPercent": 100,
    "pendingPercent": 0,
    "other": 0,
    "hasOther": false,
    "skipped": 0,
    "hasSkipped": false,
    "passPercentClass": "success",
    "pendingPercentClass": "danger"
  },
  "suites": {
    "uuid": "98a118da-47e3-423f-bfb2-a3d10e00edb6",
    "title": "",
    "fullFile": "",
    "file": "",
    "beforeHooks": [],
    "afterHooks": [],
    "tests": [],
    "suites": [
      {
        "uuid": "c7424d6b-0f10-4ffe-9ebd-9677e3d2337a",
        "title": "Comment APIs",
        "fullFile": "/Users/yuhanlin/Documents/Study/foundation/YouBarrageTube/server/test/comment.test.js",
        "file": "/comment.test.js",
        "beforeHooks": [],
        "afterHooks": [],
        "tests": [
          {
            "title": "should return 200 status code if with VideoID",
            "fullTitle": "Comment APIs should return 200 status code if with VideoID",
            "timedOut": false,
            "duration": 28,
            "state": "passed",
            "speed": "fast",
            "pass": true,
            "fail": false,
            "pending": false,
            "code": "chai.request(baseUrl)\n    .get('/comments')\n    .query({videoId: testVideoId})\n    .end(function (err, res) {\n        expect(res).to.have.status(200);\n        done();\n    });",
            "err": {},
            "isRoot": false,
            "uuid": "c6e9f8b1-2d0d-445b-a48f-0d1d1eccc227",
            "isHook": false,
            "skipped": false
          },
          {
            "title": "should return 400 status code if without VideoId",
            "fullTitle": "Comment APIs should return 400 status code if without VideoId",
            "timedOut": false,
            "duration": 5,
            "state": "passed",
            "speed": "fast",
            "pass": true,
            "fail": false,
            "pending": false,
            "code": "chai.request(baseUrl)\n    .get('/comments')\n    .end(function (err, res) {\n        expect(res).to.have.status(400);\n        done();\n    });",
            "err": {},
            "isRoot": false,
            "uuid": "cdb3f022-f05f-4840-b505-2504a60ccbb8",
            "isHook": false,
            "skipped": false
          },
          {
            "title": "should return 200 status code if with complete parameters",
            "fullTitle": "Comment APIs should return 200 status code if with complete parameters",
            "timedOut": false,
            "duration": 6,
            "state": "passed",
            "speed": "fast",
            "pass": true,
            "fail": false,
            "pending": false,
            "code": "chai.request(baseUrl)\n    .post('/comment')\n    .type('form')\n    .send({videoId: testVideoId, comment:'123', videoTime: 0})\n    .end(function (err, res) {\n        expect(res).to.have.status(200);\n        done();\n    });",
            "err": {},
            "isRoot": false,
            "uuid": "47e72824-a945-455a-b7aa-5060b766620b",
            "isHook": false,
            "skipped": false
          },
          {
            "title": "should return 400 status code if videoId missing",
            "fullTitle": "Comment APIs should return 400 status code if videoId missing",
            "timedOut": false,
            "duration": 6,
            "state": "passed",
            "speed": "fast",
            "pass": true,
            "fail": false,
            "pending": false,
            "code": "chai.request(baseUrl)\n    .post('/comment')\n    .type('form')\n    .send({comment:'123', videoTime: 0})\n    .end(function (err, res) {\n        expect(res).to.have.status(400);\n        done();\n    });",
            "err": {},
            "isRoot": false,
            "uuid": "d9dab1a6-dd9d-427f-87f6-ee9874ae62a4",
            "isHook": false,
            "skipped": false
          },
          {
            "title": "should return 400 status code if comment missing",
            "fullTitle": "Comment APIs should return 400 status code if comment missing",
            "timedOut": false,
            "duration": 7,
            "state": "passed",
            "speed": "fast",
            "pass": true,
            "fail": false,
            "pending": false,
            "code": "chai.request(baseUrl)\n    .post('/comment')\n    .type('form')\n    .send({videoId: testVideoId, videoTime: 0})\n    .end(function (err, res) {\n        expect(res).to.have.status(400);\n        done();\n    });",
            "err": {},
            "isRoot": false,
            "uuid": "ae41adc4-a407-4699-bb3c-d05d77150f86",
            "isHook": false,
            "skipped": false
          },
          {
            "title": "should return 400 status code if videoTime missing",
            "fullTitle": "Comment APIs should return 400 status code if videoTime missing",
            "timedOut": false,
            "duration": 6,
            "state": "passed",
            "speed": "fast",
            "pass": true,
            "fail": false,
            "pending": false,
            "code": "chai.request(baseUrl)\n    .post('/comment')\n    .type('form')\n    .send({videoId: testVideoId, comment:'123'})\n    .end(function (err, res) {\n        expect(res).to.have.status(400);\n        done();\n    });",
            "err": {},
            "isRoot": false,
            "uuid": "1507ada8-1757-4ee5-8f2c-01d14442558b",
            "isHook": false,
            "skipped": false
          }
        ],
        "suites": [],
        "passes": [
          "c6e9f8b1-2d0d-445b-a48f-0d1d1eccc227",
          "cdb3f022-f05f-4840-b505-2504a60ccbb8",
          "47e72824-a945-455a-b7aa-5060b766620b",
          "d9dab1a6-dd9d-427f-87f6-ee9874ae62a4",
          "ae41adc4-a407-4699-bb3c-d05d77150f86",
          "1507ada8-1757-4ee5-8f2c-01d14442558b"
        ],
        "failures": [],
        "pending": [],
        "skipped": [],
        "duration": 58,
        "root": false,
        "rootEmpty": false,
        "_timeout": 2000
      },
      {
        "uuid": "77f1153d-3b52-4612-8ebb-cc7257468b98",
        "title": "Video APIs",
        "fullFile": "/Users/yuhanlin/Documents/Study/foundation/YouBarrageTube/server/test/video.test.js",
        "file": "/video.test.js",
        "beforeHooks": [],
        "afterHooks": [],
        "tests": [
          {
            "title": "should return 200 status code and 10 video results if without resultNum",
            "fullTitle": "Video APIs should return 200 status code and 10 video results if without resultNum",
            "timedOut": false,
            "duration": 142,
            "state": "passed",
            "speed": "slow",
            "pass": true,
            "fail": false,
            "pending": false,
            "code": "chai.request(baseUrl)\n    .get('/popular')\n    .end(function (err, res) {\n        expect(res).to.have.status(200);\n        expect(res.body.length).to.equal(10);\n        done();\n    });",
            "err": {},
            "isRoot": false,
            "uuid": "091e2b7b-04ac-47d6-aa0a-fc9b7e614af4",
            "isHook": false,
            "skipped": false
          },
          {
            "title": "should return 200 status code and 20 video results if resultNum is 20",
            "fullTitle": "Video APIs should return 200 status code and 20 video results if resultNum is 20",
            "timedOut": false,
            "duration": 281,
            "state": "passed",
            "speed": "slow",
            "pass": true,
            "fail": false,
            "pending": false,
            "code": "chai.request(baseUrl)\n    .get('/popular')\n    .query({resultNum: 20})\n    .end(function (err, res) {\n        expect(res).to.have.status(200);\n        expect(res.body.length).to.equal(20);\n        done();\n    });",
            "err": {},
            "isRoot": false,
            "uuid": "16adc461-73a2-4fdf-a2b6-c71e0b0eeff2",
            "isHook": false,
            "skipped": false
          },
          {
            "title": "should return 400 status code if resultNum is smaller than 1(popular)",
            "fullTitle": "Video APIs should return 400 status code if resultNum is smaller than 1(popular)",
            "timedOut": false,
            "duration": 6,
            "state": "passed",
            "speed": "fast",
            "pass": true,
            "fail": false,
            "pending": false,
            "code": "chai.request(baseUrl)\n    .get('/popular')\n    .query({resultNum: 0})\n    .end(function (err, res) {\n        expect(res).to.have.status(400);\n        done();\n    });",
            "err": {},
            "isRoot": false,
            "uuid": "f070c402-187a-4719-9d51-58ffd5c9d925",
            "isHook": false,
            "skipped": false
          },
          {
            "title": "should return 400 status code if resultNum is larger than 50(popular)",
            "fullTitle": "Video APIs should return 400 status code if resultNum is larger than 50(popular)",
            "timedOut": false,
            "duration": 6,
            "state": "passed",
            "speed": "fast",
            "pass": true,
            "fail": false,
            "pending": false,
            "code": "chai.request(baseUrl)\n    .get('/popular')\n    .query({resultNum: 51})\n    .end(function (err, res) {\n        expect(res).to.have.status(400);\n        done();\n    });",
            "err": {},
            "isRoot": false,
            "uuid": "a6729009-b2f2-4889-a361-a9634ed12b11",
            "isHook": false,
            "skipped": false
          },
          {
            "title": "should return 200 status code and 10 video results if with keyword and without resultNum",
            "fullTitle": "Video APIs should return 200 status code and 10 video results if with keyword and without resultNum",
            "timedOut": false,
            "duration": 292,
            "state": "passed",
            "speed": "slow",
            "pass": true,
            "fail": false,
            "pending": false,
            "code": "chai.request(baseUrl)\n    .get('/search')\n    .query({keyword: 'BMW'})\n    .end(function (err, res) {\n        expect(res).to.have.status(200);\n        expect(res.body.length).to.equal(10);\n        done();\n    });",
            "err": {},
            "isRoot": false,
            "uuid": "85307781-1ff5-4cbf-9c69-ba79374318d6",
            "isHook": false,
            "skipped": false
          },
          {
            "title": "should return 200 status code and 20 video results if with keyword and resultNum is 20",
            "fullTitle": "Video APIs should return 200 status code and 20 video results if with keyword and resultNum is 20",
            "timedOut": false,
            "duration": 313,
            "state": "passed",
            "speed": "slow",
            "pass": true,
            "fail": false,
            "pending": false,
            "code": "chai.request(baseUrl)\n    .get('/search')\n    .query({keyword: 'BMW', resultNum: 20})\n    .end(function (err, res) {\n        expect(res).to.have.status(200);\n        expect(res.body.length).to.equal(20);\n        done();\n    });",
            "err": {},
            "isRoot": false,
            "uuid": "09917d95-a225-4d55-a288-3a452bb65ad1",
            "isHook": false,
            "skipped": false
          },
          {
            "title": "should return 400 status code if without keyword",
            "fullTitle": "Video APIs should return 400 status code if without keyword",
            "timedOut": false,
            "duration": 7,
            "state": "passed",
            "speed": "fast",
            "pass": true,
            "fail": false,
            "pending": false,
            "code": "chai.request(baseUrl)\n    .get('/search')\n    .query({resultNum: 20})\n    .end(function (err, res) {\n        expect(res).to.have.status(400);\n        done();\n    });",
            "err": {},
            "isRoot": false,
            "uuid": "ed34bb3c-aea3-4296-a82c-f5470f15f565",
            "isHook": false,
            "skipped": false
          },
          {
            "title": "should return 400 status code if resultNum is smaller than 1(search)",
            "fullTitle": "Video APIs should return 400 status code if resultNum is smaller than 1(search)",
            "timedOut": false,
            "duration": 6,
            "state": "passed",
            "speed": "fast",
            "pass": true,
            "fail": false,
            "pending": false,
            "code": "chai.request(baseUrl)\n    .get('/search')\n    .query({keyword: 'BMW', resultNum: 0})\n    .end(function (err, res) {\n        expect(res).to.have.status(400);\n        done();\n    });",
            "err": {},
            "isRoot": false,
            "uuid": "bea75247-9813-4a56-84fc-7af13da6f659",
            "isHook": false,
            "skipped": false
          },
          {
            "title": "should return 400 status code if resultNum is larger than 50(search)",
            "fullTitle": "Video APIs should return 400 status code if resultNum is larger than 50(search)",
            "timedOut": false,
            "duration": 7,
            "state": "passed",
            "speed": "fast",
            "pass": true,
            "fail": false,
            "pending": false,
            "code": "chai.request(baseUrl)\n    .get('/search')\n    .query({keyword: 'BMW', resultNum: 51})\n    .end(function (err, res) {\n        expect(res).to.have.status(400);\n        done();\n    });",
            "err": {},
            "isRoot": false,
            "uuid": "7bc910c7-c7f3-49db-8131-ddd28f6ad42c",
            "isHook": false,
            "skipped": false
          },
          {
            "title": "should return 200 status code and 10 video results if with videoId and without resultNum",
            "fullTitle": "Video APIs should return 200 status code and 10 video results if with videoId and without resultNum",
            "timedOut": false,
            "duration": 287,
            "state": "passed",
            "speed": "slow",
            "pass": true,
            "fail": false,
            "pending": false,
            "code": "chai.request(baseUrl)\n    .get('/relatedVideo')\n    .query({videoId: testVideoId})\n    .end(function (err, res) {\n        expect(res).to.have.status(200);\n        expect(res.body.length).to.equal(10);\n        done();\n    });",
            "err": {},
            "isRoot": false,
            "uuid": "6873a071-ab6f-445d-8479-b4be449d3681",
            "isHook": false,
            "skipped": false
          },
          {
            "title": "should return 200 status code and 20 video results if with videoId and resultNum is 20",
            "fullTitle": "Video APIs should return 200 status code and 20 video results if with videoId and resultNum is 20",
            "timedOut": false,
            "duration": 318,
            "state": "passed",
            "speed": "slow",
            "pass": true,
            "fail": false,
            "pending": false,
            "code": "chai.request(baseUrl)\n    .get('/relatedVideo')\n    .query({videoId: testVideoId, resultNum: 20})\n    .end(function (err, res) {\n        expect(res).to.have.status(200);\n        expect(res.body.length).to.equal(20);\n        done();\n    });",
            "err": {},
            "isRoot": false,
            "uuid": "717ee7d3-521d-40a4-a874-bcf79f5cfa03",
            "isHook": false,
            "skipped": false
          },
          {
            "title": "should return 400 status code if without videoId",
            "fullTitle": "Video APIs should return 400 status code if without videoId",
            "timedOut": false,
            "duration": 5,
            "state": "passed",
            "speed": "fast",
            "pass": true,
            "fail": false,
            "pending": false,
            "code": "chai.request(baseUrl)\n    .get('/relatedVideo')\n    .end(function (err, res) {\n        expect(res).to.have.status(400);\n        done();\n    });",
            "err": {},
            "isRoot": false,
            "uuid": "8f812fcb-a91d-4650-aa91-76eb8a27b4c0",
            "isHook": false,
            "skipped": false
          },
          {
            "title": "should return 400 status code if resultNum is smaller than 1(related video)",
            "fullTitle": "Video APIs should return 400 status code if resultNum is smaller than 1(related video)",
            "timedOut": false,
            "duration": 5,
            "state": "passed",
            "speed": "fast",
            "pass": true,
            "fail": false,
            "pending": false,
            "code": "chai.request(baseUrl)\n    .get('/relatedVideo')\n    .query({videoId: testVideoId, resultNum: 0})\n    .end(function (err, res) {\n        expect(res).to.have.status(400);\n        done();\n    });",
            "err": {},
            "isRoot": false,
            "uuid": "bdcbc1cd-6b5a-436e-8854-968cfa049c0d",
            "isHook": false,
            "skipped": false
          },
          {
            "title": "should return 400 status code if resultNum is larger than 50(related video)",
            "fullTitle": "Video APIs should return 400 status code if resultNum is larger than 50(related video)",
            "timedOut": false,
            "duration": 4,
            "state": "passed",
            "speed": "fast",
            "pass": true,
            "fail": false,
            "pending": false,
            "code": "chai.request(baseUrl)\n    .get('/relatedVideo')\n    .query({videoId: testVideoId, resultNum: 51})\n    .end(function (err, res) {\n        expect(res).to.have.status(400);\n        done();\n    });",
            "err": {},
            "isRoot": false,
            "uuid": "697a31e8-9510-4b52-ac66-7246246adfe1",
            "isHook": false,
            "skipped": false
          },
          {
            "title": "should return 200 status code and get no more than 10 results",
            "fullTitle": "Video APIs should return 200 status code and get no more than 10 results",
            "timedOut": false,
            "duration": 4,
            "state": "passed",
            "speed": "fast",
            "pass": true,
            "fail": false,
            "pending": false,
            "code": "chai.request(baseUrl)\n    .get('/top10Comments')\n    .end(function (err, res) {\n        expect(res).to.have.status(200);\n        expect(res.body.length).to.be.at.most(10);\n        done();\n    });",
            "err": {},
            "isRoot": false,
            "uuid": "d827e105-a8b3-4545-bfba-deca7fd5f1ba",
            "isHook": false,
            "skipped": false
          }
        ],
        "suites": [],
        "passes": [
          "091e2b7b-04ac-47d6-aa0a-fc9b7e614af4",
          "16adc461-73a2-4fdf-a2b6-c71e0b0eeff2",
          "f070c402-187a-4719-9d51-58ffd5c9d925",
          "a6729009-b2f2-4889-a361-a9634ed12b11",
          "85307781-1ff5-4cbf-9c69-ba79374318d6",
          "09917d95-a225-4d55-a288-3a452bb65ad1",
          "ed34bb3c-aea3-4296-a82c-f5470f15f565",
          "bea75247-9813-4a56-84fc-7af13da6f659",
          "7bc910c7-c7f3-49db-8131-ddd28f6ad42c",
          "6873a071-ab6f-445d-8479-b4be449d3681",
          "717ee7d3-521d-40a4-a874-bcf79f5cfa03",
          "8f812fcb-a91d-4650-aa91-76eb8a27b4c0",
          "bdcbc1cd-6b5a-436e-8854-968cfa049c0d",
          "697a31e8-9510-4b52-ac66-7246246adfe1",
          "d827e105-a8b3-4545-bfba-deca7fd5f1ba"
        ],
        "failures": [],
        "pending": [],
        "skipped": [],
        "duration": 1683,
        "root": false,
        "rootEmpty": false,
        "_timeout": 2000
      }
    ],
    "passes": [],
    "failures": [],
    "pending": [],
    "skipped": [],
    "duration": 0,
    "root": true,
    "rootEmpty": true,
    "_timeout": 2000
  },
  "copyrightYear": 2018
}