{
  "stats": {
    "suites": 2,
    "tests": 16,
    "passes": 16,
    "pending": 0,
    "failures": 0,
    "start": "2018-04-14T06:12:01.088Z",
    "end": "2018-04-14T06:12:02.213Z",
    "duration": 1125,
    "testsRegistered": 16,
    "passPercent": 100,
    "pendingPercent": 0,
    "other": 0,
    "hasOther": false,
    "skipped": 0,
    "hasSkipped": false,
    "passPercentClass": "success",
    "pendingPercentClass": "danger"
  },
  "suites": {
    "uuid": "f01576e5-b4f8-40f3-8ecd-0fcf883dc595",
    "title": "",
    "fullFile": "",
    "file": "",
    "beforeHooks": [],
    "afterHooks": [],
    "tests": [],
    "suites": [
      {
        "uuid": "eaa5c373-589b-4879-8c52-14b99835a171",
        "title": "Comment APIs",
        "fullFile": "/Users/Lin/Documents/Study/YouBarrageTube/server/test/comment.test.js",
        "file": "/comment.test.js",
        "beforeHooks": [],
        "afterHooks": [],
        "tests": [
          {
            "title": "should return 200 status code if with VideoID",
            "fullTitle": "Comment APIs should return 200 status code if with VideoID",
            "timedOut": false,
            "duration": 37,
            "state": "passed",
            "speed": "fast",
            "pass": true,
            "fail": false,
            "pending": false,
            "code": "chai.request(baseUrl)\n    .get('/comments')\n    .query({videoId: testVideoId})\n    .end(function (err, res) {\n        expect(res).to.have.status(200);\n        done();\n    });",
            "err": {},
            "isRoot": false,
            "uuid": "f648e790-6d8a-49e3-b6d4-2c5508a72f14",
            "isHook": false,
            "skipped": false
          },
          {
            "title": "should return 400 status code if without VideoId",
            "fullTitle": "Comment APIs should return 400 status code if without VideoId",
            "timedOut": false,
            "duration": 5,
            "state": "passed",
            "speed": "fast",
            "pass": true,
            "fail": false,
            "pending": false,
            "code": "chai.request(baseUrl)\n    .get('/comments')\n    .end(function (err, res) {\n        expect(res).to.have.status(400);\n        done();\n    });",
            "err": {},
            "isRoot": false,
            "uuid": "16fbaa6b-9e54-4be8-afd9-1564cd92c49d",
            "isHook": false,
            "skipped": false
          },
          {
            "title": "should return 200 status code if with complete parameters",
            "fullTitle": "Comment APIs should return 200 status code if with complete parameters",
            "timedOut": false,
            "duration": 20,
            "state": "passed",
            "speed": "fast",
            "pass": true,
            "fail": false,
            "pending": false,
            "code": "chai.request(baseUrl)\n    .post('/comment')\n    .type('form')\n    .send({videoId: testVideoId, comment:'123', videoTime: 0})\n    .end(function (err, res) {\n        expect(res).to.have.status(200);\n        done();\n    });",
            "err": {},
            "isRoot": false,
            "uuid": "a0167a9f-5c4b-4829-922a-926f2d60f68d",
            "isHook": false,
            "skipped": false
          },
          {
            "title": "should return 400 status code if videoId missing",
            "fullTitle": "Comment APIs should return 400 status code if videoId missing",
            "timedOut": false,
            "duration": 7,
            "state": "passed",
            "speed": "fast",
            "pass": true,
            "fail": false,
            "pending": false,
            "code": "chai.request(baseUrl)\n    .post('/comment')\n    .type('form')\n    .send({comment:'123', videoTime: 0})\n    .end(function (err, res) {\n        expect(res).to.have.status(400);\n        done();\n    });",
            "err": {},
            "isRoot": false,
            "uuid": "694dfd08-3040-4382-8ebe-9c27761a20a1",
            "isHook": false,
            "skipped": false
          },
          {
            "title": "should return 400 status code if comment missing",
            "fullTitle": "Comment APIs should return 400 status code if comment missing",
            "timedOut": false,
            "duration": 4,
            "state": "passed",
            "speed": "fast",
            "pass": true,
            "fail": false,
            "pending": false,
            "code": "chai.request(baseUrl)\n    .post('/comment')\n    .type('form')\n    .send({videoId: testVideoId, videoTime: 0})\n    .end(function (err, res) {\n        expect(res).to.have.status(400);\n        done();\n    });",
            "err": {},
            "isRoot": false,
            "uuid": "39c5254f-5c0c-49a3-ad27-04eb225b74f4",
            "isHook": false,
            "skipped": false
          },
          {
            "title": "should return 400 status code if videoTime missing",
            "fullTitle": "Comment APIs should return 400 status code if videoTime missing",
            "timedOut": false,
            "duration": 29,
            "state": "passed",
            "speed": "fast",
            "pass": true,
            "fail": false,
            "pending": false,
            "code": "chai.request(baseUrl)\n    .post('/comment')\n    .type('form')\n    .send({videoId: testVideoId, comment:'123'})\n    .end(function (err, res) {\n        console.log(res.status);\n        expect(res).to.have.status(400);\n        done();\n    });",
            "err": {},
            "isRoot": false,
            "uuid": "7e547df4-53a2-4eec-9233-8c1494ba7f3b",
            "isHook": false,
            "skipped": false
          }
        ],
        "suites": [],
        "passes": [
          "f648e790-6d8a-49e3-b6d4-2c5508a72f14",
          "16fbaa6b-9e54-4be8-afd9-1564cd92c49d",
          "a0167a9f-5c4b-4829-922a-926f2d60f68d",
          "694dfd08-3040-4382-8ebe-9c27761a20a1",
          "39c5254f-5c0c-49a3-ad27-04eb225b74f4",
          "7e547df4-53a2-4eec-9233-8c1494ba7f3b"
        ],
        "failures": [],
        "pending": [],
        "skipped": [],
        "duration": 102,
        "root": false,
        "rootEmpty": false,
        "_timeout": 2000
      },
      {
        "uuid": "4202563c-d0ef-4629-8d6b-55d6d59c7064",
        "title": "Video APIs",
        "fullFile": "/Users/Lin/Documents/Study/YouBarrageTube/server/test/video.test.js",
        "file": "/video.test.js",
        "beforeHooks": [],
        "afterHooks": [],
        "tests": [
          {
            "title": "should return 200 status code and 10 video results if without resultNum",
            "fullTitle": "Video APIs should return 200 status code and 10 video results if without resultNum",
            "timedOut": false,
            "duration": 248,
            "state": "passed",
            "speed": "slow",
            "pass": true,
            "fail": false,
            "pending": false,
            "code": "chai.request(baseUrl)\n    .get('/popular')\n    .end(function (err, res) {\n        expect(res).to.have.status(200);\n        expect(res.body.length).to.equal(10);\n        done();\n    });",
            "err": {},
            "isRoot": false,
            "uuid": "8dc31c7f-9620-479c-b3d2-751941647fde",
            "isHook": false,
            "skipped": false
          },
          {
            "title": "should return 200 status code and 20 video results if resultNum is 20",
            "fullTitle": "Video APIs should return 200 status code and 20 video results if resultNum is 20",
            "timedOut": false,
            "duration": 211,
            "state": "passed",
            "speed": "slow",
            "pass": true,
            "fail": false,
            "pending": false,
            "code": "chai.request(baseUrl)\n    .get('/popular')\n    .query({resultNum: 20})\n    .end(function (err, res) {\n        expect(res).to.have.status(200);\n        expect(res.body.length).to.equal(20);\n        done();\n    });",
            "err": {},
            "isRoot": false,
            "uuid": "1e47118d-086e-463a-a8ee-1165ef2e5845",
            "isHook": false,
            "skipped": false
          },
          {
            "title": "should return 400 status code if resultNum is smaller than 1(popular)",
            "fullTitle": "Video APIs should return 400 status code if resultNum is smaller than 1(popular)",
            "timedOut": false,
            "duration": 4,
            "state": "passed",
            "speed": "fast",
            "pass": true,
            "fail": false,
            "pending": false,
            "code": "chai.request(baseUrl)\n    .get('/popular')\n    .query({resultNum: 0})\n    .end(function (err, res) {\n        expect(res).to.have.status(400);\n        done();\n    });",
            "err": {},
            "isRoot": false,
            "uuid": "cf2e4671-6d83-4b0f-af4b-f1b0a652be03",
            "isHook": false,
            "skipped": false
          },
          {
            "title": "should return 400 status code if resultNum is larger than 50(popular)",
            "fullTitle": "Video APIs should return 400 status code if resultNum is larger than 50(popular)",
            "timedOut": false,
            "duration": 4,
            "state": "passed",
            "speed": "fast",
            "pass": true,
            "fail": false,
            "pending": false,
            "code": "chai.request(baseUrl)\n    .get('/popular')\n    .query({resultNum: 51})\n    .end(function (err, res) {\n        expect(res).to.have.status(400);\n        done();\n    });",
            "err": {},
            "isRoot": false,
            "uuid": "11149c9d-6942-4228-9279-9db52a004535",
            "isHook": false,
            "skipped": false
          },
          {
            "title": "should return 200 status code and 10 video results if with keyword and without resultNum",
            "fullTitle": "Video APIs should return 200 status code and 10 video results if with keyword and without resultNum",
            "timedOut": false,
            "duration": 248,
            "state": "passed",
            "speed": "slow",
            "pass": true,
            "fail": false,
            "pending": false,
            "code": "chai.request(baseUrl)\n    .get('/search')\n    .query({keyword: 'BMW'})\n    .end(function (err, res) {\n        expect(res).to.have.status(200);\n        expect(res.body.length).to.equal(10);\n        done();\n    });",
            "err": {},
            "isRoot": false,
            "uuid": "399dfa42-3f5c-4b34-98b0-7c10d350e3e9",
            "isHook": false,
            "skipped": false
          },
          {
            "title": "should return 200 status code and 20 video results if with keyword and resultNum is 20",
            "fullTitle": "Video APIs should return 200 status code and 20 video results if with keyword and resultNum is 20",
            "timedOut": false,
            "duration": 268,
            "state": "passed",
            "speed": "slow",
            "pass": true,
            "fail": false,
            "pending": false,
            "code": "chai.request(baseUrl)\n    .get('/search')\n    .query({keyword: 'BMW', resultNum: 20})\n    .end(function (err, res) {\n        expect(res).to.have.status(200);\n        expect(res.body.length).to.equal(20);\n        done();\n    });",
            "err": {},
            "isRoot": false,
            "uuid": "b185fee1-8829-4830-a7df-8a06af078050",
            "isHook": false,
            "skipped": false
          },
          {
            "title": "should return 400 status code if without keyword",
            "fullTitle": "Video APIs should return 400 status code if without keyword",
            "timedOut": false,
            "duration": 3,
            "state": "passed",
            "speed": "fast",
            "pass": true,
            "fail": false,
            "pending": false,
            "code": "chai.request(baseUrl)\n    .get('/search')\n    .query({resultNum: 20})\n    .end(function (err, res) {\n        expect(res).to.have.status(400);\n        done();\n    });",
            "err": {},
            "isRoot": false,
            "uuid": "d48b1e1b-4ff8-499f-90b7-6921dea29415",
            "isHook": false,
            "skipped": false
          },
          {
            "title": "should return 400 status code if resultNum is smaller than 1(search)",
            "fullTitle": "Video APIs should return 400 status code if resultNum is smaller than 1(search)",
            "timedOut": false,
            "duration": 4,
            "state": "passed",
            "speed": "fast",
            "pass": true,
            "fail": false,
            "pending": false,
            "code": "chai.request(baseUrl)\n    .get('/search')\n    .query({keyword: 'BMW', resultNum: 0})\n    .end(function (err, res) {\n        expect(res).to.have.status(400);\n        done();\n    });",
            "err": {},
            "isRoot": false,
            "uuid": "2cab1993-2e9d-4341-ab4d-cd2476138593",
            "isHook": false,
            "skipped": false
          },
          {
            "title": "should return 400 status code if resultNum is larger than 50(search)",
            "fullTitle": "Video APIs should return 400 status code if resultNum is larger than 50(search)",
            "timedOut": false,
            "duration": 3,
            "state": "passed",
            "speed": "fast",
            "pass": true,
            "fail": false,
            "pending": false,
            "code": "chai.request(baseUrl)\n    .get('/search')\n    .query({keyword: 'BMW', resultNum: 51})\n    .end(function (err, res) {\n        expect(res).to.have.status(400);\n        done();\n    });",
            "err": {},
            "isRoot": false,
            "uuid": "b34f3e40-e1e2-4234-ad33-746ef380dfab",
            "isHook": false,
            "skipped": false
          },
          {
            "title": "should return 200 status code and get no more than 10 results",
            "fullTitle": "Video APIs should return 200 status code and get no more than 10 results",
            "timedOut": false,
            "duration": 4,
            "state": "passed",
            "speed": "fast",
            "pass": true,
            "fail": false,
            "pending": false,
            "code": "chai.request(baseUrl)\n    .get('/top10Comments')\n    .end(function (err, res) {\n        expect(res).to.have.status(200);\n        expect(res.body.length).to.be.at.most(10);\n        done();\n    });",
            "err": {},
            "isRoot": false,
            "uuid": "9bd4786c-04bb-4064-91c3-0a2a77ff268b",
            "isHook": false,
            "skipped": false
          }
        ],
        "suites": [],
        "passes": [
          "8dc31c7f-9620-479c-b3d2-751941647fde",
          "1e47118d-086e-463a-a8ee-1165ef2e5845",
          "cf2e4671-6d83-4b0f-af4b-f1b0a652be03",
          "11149c9d-6942-4228-9279-9db52a004535",
          "399dfa42-3f5c-4b34-98b0-7c10d350e3e9",
          "b185fee1-8829-4830-a7df-8a06af078050",
          "d48b1e1b-4ff8-499f-90b7-6921dea29415",
          "2cab1993-2e9d-4341-ab4d-cd2476138593",
          "b34f3e40-e1e2-4234-ad33-746ef380dfab",
          "9bd4786c-04bb-4064-91c3-0a2a77ff268b"
        ],
        "failures": [],
        "pending": [],
        "skipped": [],
        "duration": 997,
        "root": false,
        "rootEmpty": false,
        "_timeout": 2000
      }
    ],
    "passes": [],
    "failures": [],
    "pending": [],
    "skipped": [],
    "duration": 0,
    "root": true,
    "rootEmpty": true,
    "_timeout": 2000
  },
  "copyrightYear": 2018
}